<?xml version="1.0" encoding="UTF-8"?>
<!-- Generated by org.testng.reporters.JUnitReportReporter -->
<testsuite hostname="DESKTOP-7F6EAN9" failures="0" tests="1" name="lec20_java_selenium_methods.A04_another_way_how_to_show_the_location_of_driver" time="3.872" errors="0" timestamp="2022-06-30T12:31:43 EDT" skipped="0">
  <testcase classname="lec20_java_selenium_methods.A04_another_way_how_to_show_the_location_of_driver" name="urlTest" time="3.872"/>
  <system-out/>
</testsuite> <!-- lec20_java_selenium_methods.A04_another_way_how_to_show_the_location_of_driver -->
