<?xml version="1.0" encoding="UTF-8"?>
<!-- Generated by org.testng.reporters.JUnitReportReporter -->
<testsuite hostname="DESKTOP-7F6EAN9" failures="0" tests="3" name="hw14ClickMethod.ClickMethod" time="27.107" errors="0" timestamp="2022-06-30T21:06:00 EDT" skipped="0">
  <testcase classname="hw14ClickMethod.ClickMethod" name="clickOnElement" time="2.503"/>
  <system-out/>
  <testcase classname="hw14ClickMethod.ClickMethod" name="inputId" time="16.568"/>
  <system-out/>
  <testcase classname="hw14ClickMethod.ClickMethod" name="enrollButton" time="8.036"/>
  <system-out/>
</testsuite> <!-- hw14ClickMethod.ClickMethod -->
